[2026-02-09 10:54:58] ━━━━━━━━━━━━━━━━━━━━━━━━━━━━━━━━━━
[2026-02-09 10:54:58] 🚀 UNIFIED PREDICTION LOOP STARTING
[2026-02-09 10:54:58] ━━━━━━━━━━━━━━━━━━━━━━━━━━━━━━━━━━
[2026-02-09 10:54:58] STEP 1: Fetching Polymarket data...
[2026-02-09 10:55:03] ✅ Market data: ID=200148, BTC=68676, UP=97.5%, DOWN=2.5%
[2026-02-09 10:55:03] STEP 2: Generating prediction...
[2026-02-09 10:55:05] Fear & Greed Index: 14
[2026-02-09 10:55:05] ✅ Prediction: UP (97.5% confidence)
[2026-02-09 10:55:05] STEP 3: Saving prediction to tracker...
[2026-02-09 10:55:05] ✅ Prediction saved to tracker (ID: 1)
[2026-02-09 10:55:05] STEP 4: Scheduling verification in 15 minutes...
[2026-02-09 10:55:05]   Market window: 200148 will close in ~15 min
[2026-02-09 10:55:05]   Verification scheduled for: 
[2026-02-09 10:55:05] 
[2026-02-09 10:55:05] 📊 PREDICTION SUMMARY:
[2026-02-09 10:55:05]   Market ID: 200148
[2026-02-09 10:55:05]   BTC Price: $68676
[2026-02-09 10:55:05]   Polymarket: UP 97.5% / DOWN 2.5%
[2026-02-09 10:55:05]   My Prediction: UP (97.5% confidence)
[2026-02-09 10:55:05]   Total predictions so far: 1
[2026-02-09 10:55:05] 
[2026-02-09 10:55:05] ✅ LOOP COMPLETE
[2026-02-09 10:55:05] ━━━━━━━━━━━━━━━━━━━━━━━━━━━━━━━━━━
[2026-02-09 12:12:19] ━━━━━━━━━━━━━━━━━━━━━━━━━━━━━━━━━━
[2026-02-09 12:12:19] 🚀 UNIFIED PREDICTION LOOP STARTING
[2026-02-09 12:12:19] ━━━━━━━━━━━━━━━━━━━━━━━━━━━━━━━━━━
[2026-02-09 12:12:19] STEP 1: Fetching Polymarket data...
[2026-02-09 12:12:24] ✅ Market data: ID=200148, BTC=68676, UP=97.5%, DOWN=2.5%
[2026-02-09 12:12:24] STEP 2: Generating prediction...
[2026-02-09 12:12:26] Fear & Greed Index: 14
[2026-02-09 12:12:26] ✅ Prediction: NEUTRAL (50.0% confidence)
[2026-02-09 12:12:26] STEP 3: Saving prediction to tracker...
[2026-02-09 12:12:26] ✅ Prediction saved to tracker (ID: 1)
[2026-02-09 12:12:26] STEP 4: Scheduling verification in 15 minutes...
[2026-02-09 12:12:26]   Market window: 200148 will close in ~15 min
[2026-02-09 12:12:26]   Verification scheduled for: 
[2026-02-09 12:12:26] 
[2026-02-09 12:12:26] 📊 PREDICTION SUMMARY:
[2026-02-09 12:12:26]   Market ID: 200148
[2026-02-09 12:12:26]   BTC Price: $68676
[2026-02-09 12:12:26]   Polymarket: UP 97.5% / DOWN 2.5%
[2026-02-09 12:12:26]   My Prediction: NEUTRAL (50.0% confidence)
[2026-02-09 12:12:26]   Total predictions so far: 1
[2026-02-09 12:12:26] 
[2026-02-09 12:12:26] ✅ LOOP COMPLETE
[2026-02-09 12:12:26] ━━━━━━━━━━━━━━━━━━━━━━━━━━━━━━━━━━
[2026-02-09 12:16:37] ━━━━━━━━━━━━━━━━━━━━━━━━━━━━━━━━━━
[2026-02-09 12:16:37] 🚀 UNIFIED PREDICTION LOOP STARTING
[2026-02-09 12:16:37] ━━━━━━━━━━━━━━━━━━━━━━━━━━━━━━━━━━
[2026-02-09 12:16:37] STEP 1: Fetching Polymarket data...
[2026-02-09 13:44:15] ━━━━━━━━━━━━━━━━━━━━━━━━━━━━━━━━━━
[2026-02-09 13:44:15] 🚀 UNIFIED PREDICTION LOOP STARTING
[2026-02-09 13:44:15] ━━━━━━━━━━━━━━━━━━━━━━━━━━━━━━━━━━
[2026-02-09 13:44:15] STEP 1: Fetching Polymarket data...
[2026-02-09 13:44:20] ✅ Market data: ID=202769, BTC=69956, UP=56.49999999999999%, DOWN=43.5%
[2026-02-09 13:44:20] STEP 2: Generating prediction...
[2026-02-09 13:44:22] Fear & Greed Index: 14
[2026-02-09 13:44:22] ✅ Prediction: NEUTRAL (50.0% confidence)
[2026-02-09 13:44:22] STEP 3: Saving prediction to tracker...
[2026-02-09 13:44:22] ✅ Prediction saved to tracker (ID: 2)
[2026-02-09 13:44:22] STEP 4: Scheduling verification in 15 minutes...
[2026-02-09 13:44:22]   Market window: 202769 will close in ~15 min
[2026-02-09 13:44:22]   Verification scheduled for: 
[2026-02-09 13:44:22] 
[2026-02-09 13:44:22] 📊 PREDICTION SUMMARY:
[2026-02-09 13:44:22]   Market ID: 202769
[2026-02-09 13:44:22]   BTC Price: $69956
[2026-02-09 13:44:22]   Polymarket: UP 56.49999999999999% / DOWN 43.5%
[2026-02-09 13:44:22]   My Prediction: NEUTRAL (50.0% confidence)
[2026-02-09 13:44:22]   Total predictions so far: 2
[2026-02-09 13:44:22] 
[2026-02-09 13:44:22] ✅ LOOP COMPLETE
[2026-02-09 13:44:22] ━━━━━━━━━━━━━━━━━━━━━━━━━━━━━━━━━━
[2026-02-09 13:57:39] ━━━━━━━━━━━━━━━━━━━━━━━━━━━━━━━━━━
[2026-02-09 13:57:39] 🚀 UNIFIED PREDICTION LOOP STARTING
[2026-02-09 13:57:39] ━━━━━━━━━━━━━━━━━━━━━━━━━━━━━━━━━━
[2026-02-09 13:57:39] STEP 1: Fetching Polymarket data...
[2026-02-09 13:57:44] ✅ Market data: ID=202769, BTC=69956, UP=56.49999999999999%, DOWN=43.5%
[2026-02-09 13:57:44] STEP 2: Generating prediction...
[2026-02-09 13:57:46] Fear & Greed Index: 14
[2026-02-09 13:57:46] ✅ Prediction: NEUTRAL (50.0% confidence)
[2026-02-09 13:57:46] STEP 3: Saving prediction to tracker...
[2026-02-09 13:57:46] ✅ Prediction saved to tracker (ID: 3)
[2026-02-09 13:57:46] STEP 4: Scheduling verification in 15 minutes...
[2026-02-09 13:57:46]   Market window: 202769 will close in ~15 min
[2026-02-09 13:57:46]   Verification scheduled for: 
[2026-02-09 13:57:46] 
[2026-02-09 13:57:46] 📊 PREDICTION SUMMARY:
[2026-02-09 13:57:46]   Market ID: 202769
[2026-02-09 13:57:46]   BTC Price: $69956
[2026-02-09 13:57:46]   Polymarket: UP 56.49999999999999% / DOWN 43.5%
[2026-02-09 13:57:46]   My Prediction: NEUTRAL (50.0% confidence)
[2026-02-09 13:57:46]   Total predictions so far: 3
[2026-02-09 13:57:46] 
[2026-02-09 13:57:46] ✅ LOOP COMPLETE
[2026-02-09 13:57:46] ━━━━━━━━━━━━━━━━━━━━━━━━━━━━━━━━━━
[2026-02-09 13:58:52] ━━━━━━━━━━━━━━━━━━━━━━━━━━━━━━━━━━
[2026-02-09 13:58:52] 🚀 UNIFIED PREDICTION LOOP STARTING
[2026-02-09 13:58:52] ━━━━━━━━━━━━━━━━━━━━━━━━━━━━━━━━━━
[2026-02-09 13:58:52] STEP 1: Fetching Polymarket data...
[2026-02-09 13:58:57] ✅ Market data: ID=202769, BTC=69956, UP=56.49999999999999%, DOWN=43.5%
[2026-02-09 13:58:57] STEP 2: Generating prediction...
[2026-02-09 13:58:59] Fear & Greed Index: 14
[2026-02-09 13:58:59] ✅ Prediction: NEUTRAL (50.0% confidence)
[2026-02-09 13:58:59] STEP 3: Saving prediction to tracker...
[2026-02-09 13:58:59] ✅ Prediction saved to tracker (ID: 4)
[2026-02-09 13:58:59] STEP 4: Scheduling verification in 15 minutes...
[2026-02-09 13:58:59]   Market window: 202769 will close in ~15 min
[2026-02-09 13:58:59]   Verification scheduled for: 
[2026-02-09 13:58:59] 
[2026-02-09 13:58:59] 📊 PREDICTION SUMMARY:
[2026-02-09 13:58:59]   Market ID: 202769
[2026-02-09 13:58:59]   BTC Price: $69956
[2026-02-09 13:58:59]   Polymarket: UP 56.49999999999999% / DOWN 43.5%
[2026-02-09 13:58:59]   My Prediction: NEUTRAL (50.0% confidence)
[2026-02-09 13:58:59]   Total predictions so far: 4
[2026-02-09 13:58:59] 
[2026-02-09 13:58:59] ✅ LOOP COMPLETE
[2026-02-09 13:58:59] ━━━━━━━━━━━━━━━━━━━━━━━━━━━━━━━━━━
[2026-02-09 14:01:07] ━━━━━━━━━━━━━━━━━━━━━━━━━━━━━━━━━━
[2026-02-09 14:01:07] 🚀 UNIFIED PREDICTION LOOP STARTING
[2026-02-09 14:01:07] ━━━━━━━━━━━━━━━━━━━━━━━━━━━━━━━━━━
[2026-02-09 14:01:07] STEP 1: Fetching Polymarket data...
[2026-02-09 14:01:13] ✅ Market data: ID=202769, BTC=69956, UP=56.49999999999999%, DOWN=43.5%
[2026-02-09 14:01:13] STEP 2: Generating prediction...
[2026-02-09 14:01:14] Fear & Greed Index: 14
[2026-02-09 14:01:14] ✅ Prediction: NEUTRAL (50.0% confidence)
[2026-02-09 14:01:14] STEP 3: Saving prediction to tracker...
[2026-02-09 14:01:14] ✅ Prediction saved to tracker (ID: 5)
[2026-02-09 14:01:14] STEP 4: Scheduling verification in 15 minutes...
[2026-02-09 14:01:14]   Market window: 202769 will close in ~15 min
[2026-02-09 14:01:14]   Verification scheduled for: 
[2026-02-09 14:01:14] 
[2026-02-09 14:01:14] 📊 PREDICTION SUMMARY:
[2026-02-09 14:01:14]   Market ID: 202769
[2026-02-09 14:01:14]   BTC Price: $69956
[2026-02-09 14:01:14]   Polymarket: UP 56.49999999999999% / DOWN 43.5%
[2026-02-09 14:01:14]   My Prediction: NEUTRAL (50.0% confidence)
[2026-02-09 14:01:14]   Total predictions so far: 5
[2026-02-09 14:01:14] 
[2026-02-09 14:01:14] ✅ LOOP COMPLETE
[2026-02-09 14:01:14] ━━━━━━━━━━━━━━━━━━━━━━━━━━━━━━━━━━
[2026-02-09 15:28:35] ━━━━━━━━━━━━━━━━━━━━━━━━━━━━━━━━━━
[2026-02-09 15:28:35] 🚀 UNIFIED PREDICTION LOOP STARTING
[2026-02-09 15:28:35] ━━━━━━━━━━━━━━━━━━━━━━━━━━━━━━━━━━
[2026-02-09 15:28:35] STEP 1: Fetching Polymarket data...
[2026-02-09 15:28:40] ✅ Market data: ID=202769, BTC=69956, UP=56.49999999999999%, DOWN=43.5%
[2026-02-09 15:28:40] STEP 2: Generating prediction...
[2026-02-09 15:28:42] Fear & Greed Index: 14
[2026-02-09 15:28:42] ✅ Prediction: NEUTRAL (50.0% confidence)
[2026-02-09 15:28:42] STEP 3: Saving prediction to tracker...
[2026-02-09 15:28:42] ✅ Prediction saved to tracker (ID: 6)
[2026-02-09 15:28:42] STEP 4: Scheduling verification in 15 minutes...
[2026-02-09 15:28:42]   Market window: 202769 will close in ~15 min
[2026-02-09 15:28:42]   Verification scheduled for: 
[2026-02-09 15:28:42] 
[2026-02-09 15:28:42] 📊 PREDICTION SUMMARY:
[2026-02-09 15:28:42]   Market ID: 202769
[2026-02-09 15:28:42]   BTC Price: $69956
[2026-02-09 15:28:42]   Polymarket: UP 56.49999999999999% / DOWN 43.5%
[2026-02-09 15:28:42]   My Prediction: NEUTRAL (50.0% confidence)
[2026-02-09 15:28:42]   Total predictions so far: 6
[2026-02-09 15:28:42] 
[2026-02-09 15:28:42] ✅ LOOP COMPLETE
[2026-02-09 15:28:42] ━━━━━━━━━━━━━━━━━━━━━━━━━━━━━━━━━━
[2026-02-09 15:44:23] ━━━━━━━━━━━━━━━━━━━━━━━━━━━━━━━━━━
[2026-02-09 15:44:23] 🚀 UNIFIED PREDICTION LOOP STARTING
[2026-02-09 15:44:23] ━━━━━━━━━━━━━━━━━━━━━━━━━━━━━━━━━━
[2026-02-09 15:44:23] STEP 1: Fetching Polymarket data...
[2026-02-09 15:44:29] ✅ Market data: ID=202827, BTC=70296, UP=64.5%, DOWN=35.5%
[2026-02-09 15:44:29] STEP 2: Generating prediction...
[2026-02-09 15:44:31] Fear & Greed Index: 50
[2026-02-09 15:44:31] ✅ Prediction: NEUTRAL (50.0% confidence)
[2026-02-09 15:44:31] STEP 3: Saving prediction to tracker...
[2026-02-09 15:44:31] ✅ Prediction saved to tracker (ID: 7)
[2026-02-09 15:44:31] STEP 4: Scheduling verification in 15 minutes...
[2026-02-09 15:44:31]   Market window: 202827 will close in ~15 min
[2026-02-09 15:44:31]   Verification scheduled for: 
[2026-02-09 15:44:31] 
[2026-02-09 15:44:31] 📊 PREDICTION SUMMARY:
[2026-02-09 15:44:31]   Market ID: 202827
[2026-02-09 15:44:31]   BTC Price: $70296
[2026-02-09 15:44:31]   Polymarket: UP 64.5% / DOWN 35.5%
[2026-02-09 15:44:31]   My Prediction: NEUTRAL (50.0% confidence)
[2026-02-09 15:44:31]   Total predictions so far: 7
[2026-02-09 15:44:31] 
[2026-02-09 15:44:31] ✅ LOOP COMPLETE
[2026-02-09 15:44:31] ━━━━━━━━━━━━━━━━━━━━━━━━━━━━━━━━━━
