[2026-02-02 20:26:19] 🔄 Polymarket monitor tick...
[2026-02-02 20:26:19] ━━━━━━━━━━━━━━━━━━━━━━━━━━━━━━━
[2026-02-02 20:26:19]   → Trying: Query active events for BTC...
[2026-02-02 20:26:19]   ✅ Found active BTC market: 16167
[2026-02-02 20:26:19]   → Fetching market details for 16167...
[2026-02-02 20:26:20]   ✅ Got prices: UP 0.0% / DOWN 100%
[2026-02-02 20:26:20]   → Fetching BTC price...
[2026-02-02 20:26:20]   ✅ BTC: $78532
[2026-02-02 20:26:20] ✅ State updated: UP 0.0% / DOWN 100% / BTC $78532
[2026-02-02 20:26:20] ━━━━━━━━━━━━━━━━━━━━━━━━━━━━━━━
[2026-02-09 12:24:46] 🔄 Polymarket monitor tick...
[2026-02-09 12:24:46] ━━━━━━━━━━━━━━━━━━━━━━━━━━━━━━━
[2026-02-09 12:24:46]   → Trying: Query active events for BTC...
[2026-02-09 12:24:49]   → Fallback: Using series slug...
[2026-02-09 12:24:52]   ⚠️  Using cached market: 16167
[2026-02-09 12:24:52]   → Fetching market details for 

16167...
[2026-02-09 12:24:52] ❌ Could not fetch prices. Exiting.
[2026-02-09 13:38:57] 🔄 Polymarket monitor tick...
[2026-02-09 13:38:57] ━━━━━━━━━━━━━━━━━━━━━━━━━━━━━━━
[2026-02-09 13:38:57]   → Trying: Query active events for BTC...
[2026-02-09 13:39:00]   → Fallback: Using series slug...
[2026-02-09 13:39:03]   ⚠️  Using cached market: 16167
[2026-02-09 13:39:03]   → Fetching market details for 

16167...
[2026-02-09 13:39:03] ❌ Could not fetch prices. Exiting.
